<?xml version="1.0" encoding="UTF-8"?>
<!-- Generated by org.testng.reporters.JUnitReportReporter -->
<testsuite hostname="LAPTOP-L8IHVVBH" failures="0" tests="1" name="testscript.createModule" time="0.015" errors="0" timestamp="16 Jan 2023 14:48:29 GMT" skipped="0">
  <testcase classname="testscript.createModule" name="creatCustomer" time="0.015"/>
</testsuite> <!-- testscript.createModule -->
